  [1m[35m (3.4ms)[0m  [1m[35mCREATE TABLE "schema_migrations" ("version" varchar NOT NULL PRIMARY KEY)[0m
  [1m[35m (2.2ms)[0m  [1m[35mCREATE TABLE "ar_internal_metadata" ("key" varchar NOT NULL PRIMARY KEY, "value" varchar, "created_at" datetime(6) NOT NULL, "updated_at" datetime(6) NOT NULL)[0m
  [1m[36mActiveRecord::SchemaMigration Pluck (0.1ms)[0m  [1m[34mSELECT "schema_migrations"."version" FROM "schema_migrations" ORDER BY "schema_migrations"."version" ASC[0m
Migrating to CreateMovies (20231011185849)
  [1m[36mTRANSACTION (0.0ms)[0m  [1m[36mbegin transaction[0m
  [1m[35m (0.1ms)[0m  [1m[35mCREATE TABLE "movies" ("id" integer PRIMARY KEY AUTOINCREMENT NOT NULL, "title" varchar, "rating" varchar, "description" text, "release_date" datetime(6), "created_at" datetime(6) NOT NULL, "updated_at" datetime(6) NOT NULL)[0m
  [1m[36mActiveRecord::SchemaMigration Create (0.1ms)[0m  [1m[32mINSERT INTO "schema_migrations" ("version") VALUES (?)[0m  [["version", "20231011185849"]]
  [1m[36mTRANSACTION (1.8ms)[0m  [1m[36mcommit transaction[0m
  [1m[36mActiveRecord::InternalMetadata Load (0.1ms)[0m  [1m[34mSELECT "ar_internal_metadata".* FROM "ar_internal_metadata" WHERE "ar_internal_metadata"."key" = ? LIMIT ?[0m  [["key", "environment"], ["LIMIT", 1]]
  [1m[36mTRANSACTION (0.0ms)[0m  [1m[36mbegin transaction[0m
  [1m[36mActiveRecord::InternalMetadata Create (0.1ms)[0m  [1m[32mINSERT INTO "ar_internal_metadata" ("key", "value", "created_at", "updated_at") VALUES (?, ?, ?, ?)[0m  [["key", "environment"], ["value", "development"], ["created_at", "2023-10-11 19:10:37.838524"], ["updated_at", "2023-10-11 19:10:37.838524"]]
  [1m[36mTRANSACTION (1.6ms)[0m  [1m[36mcommit transaction[0m
  [1m[36mActiveRecord::SchemaMigration Pluck (0.0ms)[0m  [1m[34mSELECT "schema_migrations"."version" FROM "schema_migrations" ORDER BY "schema_migrations"."version" ASC[0m
  [1m[36mActiveRecord::SchemaMigration Pluck (0.1ms)[0m  [1m[34mSELECT "schema_migrations"."version" FROM "schema_migrations" ORDER BY "schema_migrations"."version" ASC[0m
  [1m[36mTRANSACTION (0.0ms)[0m  [1m[36mbegin transaction[0m
  [1m[36mMovie Create (0.1ms)[0m  [1m[32mINSERT INTO "movies" ("title", "rating", "description", "release_date", "created_at", "updated_at") VALUES (?, ?, ?, ?, ?, ?)[0m  [["title", "Aladdin"], ["rating", "G"], ["description", nil], ["release_date", "1992-11-25 00:00:00"], ["created_at", "2023-10-11 19:10:43.303147"], ["updated_at", "2023-10-11 19:10:43.303147"]]
  [1m[36mTRANSACTION (6.2ms)[0m  [1m[36mcommit transaction[0m
  [1m[36mTRANSACTION (0.0ms)[0m  [1m[36mbegin transaction[0m
  [1m[36mMovie Create (0.1ms)[0m  [1m[32mINSERT INTO "movies" ("title", "rating", "description", "release_date", "created_at", "updated_at") VALUES (?, ?, ?, ?, ?, ?)[0m  [["title", "When Harry Met Sally"], ["rating", "R"], ["description", nil], ["release_date", "1989-07-21 00:00:00"], ["created_at", "2023-10-11 19:10:43.311306"], ["updated_at", "2023-10-11 19:10:43.311306"]]
  [1m[36mTRANSACTION (2.7ms)[0m  [1m[36mcommit transaction[0m
  [1m[36mTRANSACTION (0.0ms)[0m  [1m[36mbegin transaction[0m
  [1m[36mMovie Create (0.1ms)[0m  [1m[32mINSERT INTO "movies" ("title", "rating", "description", "release_date", "created_at", "updated_at") VALUES (?, ?, ?, ?, ?, ?)[0m  [["title", "The Help"], ["rating", "PG-13"], ["description", nil], ["release_date", "2011-08-10 00:00:00"], ["created_at", "2023-10-11 19:10:43.315462"], ["updated_at", "2023-10-11 19:10:43.315462"]]
  [1m[36mTRANSACTION (1.8ms)[0m  [1m[36mcommit transaction[0m
  [1m[36mTRANSACTION (0.0ms)[0m  [1m[36mbegin transaction[0m
  [1m[36mMovie Create (0.1ms)[0m  [1m[32mINSERT INTO "movies" ("title", "rating", "description", "release_date", "created_at", "updated_at") VALUES (?, ?, ?, ?, ?, ?)[0m  [["title", "Raiders of the Lost Ark"], ["rating", "PG"], ["description", nil], ["release_date", "1981-06-12 00:00:00"], ["created_at", "2023-10-11 19:10:43.318901"], ["updated_at", "2023-10-11 19:10:43.318901"]]
  [1m[36mTRANSACTION (1.5ms)[0m  [1m[36mcommit transaction[0m
Started GET "/" for ::1 at 2023-10-11 14:10:53 -0500
  [1m[36mActiveRecord::SchemaMigration Pluck (0.1ms)[0m  [1m[34mSELECT "schema_migrations"."version" FROM "schema_migrations" ORDER BY "schema_migrations"."version" ASC[0m
Started GET "/movies" for ::1 at 2023-10-11 14:10:53 -0500
  
SyntaxError (/home/hector/Desktop/myrottenpotatoes/app/controllers/movies_controller.rb:18: syntax error, unexpected end-of-input, expecting `end'):
  
app/controllers/movies_controller.rb:18: syntax error, unexpected end-of-input, expecting `end'
app/controllers/movies_controller.rb:18: syntax error, unexpected end-of-input, expecting `end'
Started GET "/" for ::1 at 2023-10-11 14:10:53 -0500
Started GET "/movies" for ::1 at 2023-10-11 14:10:53 -0500
  
SyntaxError (/home/hector/Desktop/myrottenpotatoes/app/controllers/movies_controller.rb:18: syntax error, unexpected end-of-input, expecting `end'):
  
app/controllers/movies_controller.rb:18: syntax error, unexpected end-of-input, expecting `end'
app/controllers/movies_controller.rb:18: syntax error, unexpected end-of-input, expecting `end'
Started GET "/movies" for ::1 at 2023-10-11 14:11:22 -0500
  [1m[36mActiveRecord::SchemaMigration Pluck (0.1ms)[0m  [1m[34mSELECT "schema_migrations"."version" FROM "schema_migrations" ORDER BY "schema_migrations"."version" ASC[0m
Processing by MoviesController#index as HTML
  Rendering movies/index.html.haml
  [1m[36mMovie Load (0.1ms)[0m  [1m[34mSELECT "movies".* FROM "movies"[0m
  ↳ app/views/movies/index.html.haml:11
  Rendered movies/index.html.haml (Duration: 20.5ms | Allocations: 31259)
Completed 200 OK in 26ms (Views: 21.4ms | ActiveRecord: 0.4ms | Allocations: 39444)


Started GET "/movies/create" for ::1 at 2023-10-11 14:11:30 -0500
Processing by MoviesController#show as HTML
  Parameters: {"id"=>"create"}
  [1m[36mMovie Load (0.2ms)[0m  [1m[34mSELECT "movies".* FROM "movies" WHERE "movies"."id" = ? LIMIT ?[0m  [["id", nil], ["LIMIT", 1]]
  ↳ app/controllers/movies_controller.rb:12:in `show'
Redirected to http://localhost:3000/movies
Completed 302 Found in 5ms (ActiveRecord: 0.2ms | Allocations: 6393)


Started GET "/movies" for ::1 at 2023-10-11 14:11:30 -0500
Processing by MoviesController#index as HTML
  Rendering movies/index.html.haml
  [1m[36mMovie Load (0.1ms)[0m  [1m[34mSELECT "movies".* FROM "movies"[0m
  ↳ app/views/movies/index.html.haml:11
  Rendered movies/index.html.haml (Duration: 1.5ms | Allocations: 832)
Completed 200 OK in 2ms (Views: 1.8ms | ActiveRecord: 0.1ms | Allocations: 1247)


Started GET "/movies/2" for ::1 at 2023-10-11 14:11:33 -0500
Processing by MoviesController#show as HTML
  Parameters: {"id"=>"2"}
  [1m[36mMovie Load (0.1ms)[0m  [1m[34mSELECT "movies".* FROM "movies" WHERE "movies"."id" = ? LIMIT ?[0m  [["id", 2], ["LIMIT", 1]]
  ↳ app/controllers/movies_controller.rb:12:in `show'
  Rendering movies/show.html.haml
  Rendered movies/show.html.haml (Duration: 7.3ms | Allocations: 5231)
Completed 200 OK in 10ms (Views: 7.9ms | ActiveRecord: 0.1ms | Allocations: 6131)


Started GET "/movies/new" for ::1 at 2023-10-11 14:11:36 -0500
Processing by MoviesController#new as HTML
Completed 406 Not Acceptable in 1ms (ActiveRecord: 0.0ms | Allocations: 799)


  
ActionController::MissingExactTemplate (MoviesController#new is missing a template for request formats: text/html):
  
actionpack (7.0.8) lib/action_controller/metal/implicit_render.rb:45:in `default_render'
actionpack (7.0.8) lib/action_controller/metal/basic_implicit_render.rb:7:in `send_action'
actionpack (7.0.8) lib/abstract_controller/base.rb:215:in `process_action'
actionpack (7.0.8) lib/action_controller/metal/rendering.rb:165:in `process_action'
actionpack (7.0.8) lib/abstract_controller/callbacks.rb:234:in `block in process_action'
activesupport (7.0.8) lib/active_support/callbacks.rb:118:in `block in run_callbacks'
actiontext (7.0.8) lib/action_text/rendering.rb:20:in `with_renderer'
actiontext (7.0.8) lib/action_text/engine.rb:69:in `block (4 levels) in <class:Engine>'
activesupport (7.0.8) lib/active_support/callbacks.rb:127:in `instance_exec'
activesupport (7.0.8) lib/active_support/callbacks.rb:127:in `block in run_callbacks'
activesupport (7.0.8) lib/active_support/callbacks.rb:138:in `run_callbacks'
actionpack (7.0.8) lib/abstract_controller/callbacks.rb:233:in `process_action'
actionpack (7.0.8) lib/action_controller/metal/rescue.rb:23:in `process_action'
actionpack (7.0.8) lib/action_controller/metal/instrumentation.rb:67:in `block in process_action'
activesupport (7.0.8) lib/active_support/notifications.rb:206:in `block in instrument'
activesupport (7.0.8) lib/active_support/notifications/instrumenter.rb:24:in `instrument'
activesupport (7.0.8) lib/active_support/notifications.rb:206:in `instrument'
actionpack (7.0.8) lib/action_controller/metal/instrumentation.rb:66:in `process_action'
actionpack (7.0.8) lib/action_controller/metal/params_wrapper.rb:259:in `process_action'
activerecord (7.0.8) lib/active_record/railties/controller_runtime.rb:27:in `process_action'
actionpack (7.0.8) lib/abstract_controller/base.rb:151:in `process'
actionview (7.0.8) lib/action_view/rendering.rb:39:in `process'
actionpack (7.0.8) lib/action_controller/metal.rb:188:in `dispatch'
actionpack (7.0.8) lib/action_controller/metal.rb:251:in `dispatch'
actionpack (7.0.8) lib/action_dispatch/routing/route_set.rb:49:in `dispatch'
actionpack (7.0.8) lib/action_dispatch/routing/route_set.rb:32:in `serve'
actionpack (7.0.8) lib/action_dispatch/journey/router.rb:50:in `block in serve'
actionpack (7.0.8) lib/action_dispatch/journey/router.rb:32:in `each'
actionpack (7.0.8) lib/action_dispatch/journey/router.rb:32:in `serve'
actionpack (7.0.8) lib/action_dispatch/routing/route_set.rb:852:in `call'
rack (2.2.8) lib/rack/tempfile_reaper.rb:15:in `call'
rack (2.2.8) lib/rack/etag.rb:27:in `call'
rack (2.2.8) lib/rack/conditional_get.rb:27:in `call'
rack (2.2.8) lib/rack/head.rb:12:in `call'
actionpack (7.0.8) lib/action_dispatch/http/permissions_policy.rb:38:in `call'
actionpack (7.0.8) lib/action_dispatch/http/content_security_policy.rb:36:in `call'
rack (2.2.8) lib/rack/session/abstract/id.rb:266:in `context'
rack (2.2.8) lib/rack/session/abstract/id.rb:260:in `call'
actionpack (7.0.8) lib/action_dispatch/middleware/cookies.rb:704:in `call'
activerecord (7.0.8) lib/active_record/migration.rb:638:in `call'
actionpack (7.0.8) lib/action_dispatch/middleware/callbacks.rb:27:in `block in call'
activesupport (7.0.8) lib/active_support/callbacks.rb:99:in `run_callbacks'
actionpack (7.0.8) lib/action_dispatch/middleware/callbacks.rb:26:in `call'
actionpack (7.0.8) lib/action_dispatch/middleware/executor.rb:14:in `call'
actionpack (7.0.8) lib/action_dispatch/middleware/actionable_exceptions.rb:17:in `call'
actionpack (7.0.8) lib/action_dispatch/middleware/debug_exceptions.rb:28:in `call'
web-console (4.2.1) lib/web_console/middleware.rb:132:in `call_app'
web-console (4.2.1) lib/web_console/middleware.rb:28:in `block in call'
web-console (4.2.1) lib/web_console/middleware.rb:17:in `catch'
web-console (4.2.1) lib/web_console/middleware.rb:17:in `call'
actionpack (7.0.8) lib/action_dispatch/middleware/show_exceptions.rb:29:in `call'
railties (7.0.8) lib/rails/rack/logger.rb:40:in `call_app'
railties (7.0.8) lib/rails/rack/logger.rb:25:in `block in call'
activesupport (7.0.8) lib/active_support/tagged_logging.rb:99:in `block in tagged'
activesupport (7.0.8) lib/active_support/tagged_logging.rb:37:in `tagged'
activesupport (7.0.8) lib/active_support/tagged_logging.rb:99:in `tagged'
railties (7.0.8) lib/rails/rack/logger.rb:25:in `call'
sprockets-rails (3.4.2) lib/sprockets/rails/quiet_assets.rb:13:in `call'
actionpack (7.0.8) lib/action_dispatch/middleware/remote_ip.rb:93:in `call'
actionpack (7.0.8) lib/action_dispatch/middleware/request_id.rb:26:in `call'
rack (2.2.8) lib/rack/method_override.rb:24:in `call'
rack (2.2.8) lib/rack/runtime.rb:22:in `call'
activesupport (7.0.8) lib/active_support/cache/strategy/local_cache_middleware.rb:29:in `call'
actionpack (7.0.8) lib/action_dispatch/middleware/server_timing.rb:61:in `block in call'
actionpack (7.0.8) lib/action_dispatch/middleware/server_timing.rb:26:in `collect_events'
actionpack (7.0.8) lib/action_dispatch/middleware/server_timing.rb:60:in `call'
actionpack (7.0.8) lib/action_dispatch/middleware/executor.rb:14:in `call'
actionpack (7.0.8) lib/action_dispatch/middleware/static.rb:23:in `call'
rack (2.2.8) lib/rack/sendfile.rb:110:in `call'
actionpack (7.0.8) lib/action_dispatch/middleware/host_authorization.rb:138:in `call'
railties (7.0.8) lib/rails/engine.rb:530:in `call'
puma (5.6.7) lib/puma/configuration.rb:252:in `call'
puma (5.6.7) lib/puma/request.rb:77:in `block in handle_request'
puma (5.6.7) lib/puma/thread_pool.rb:340:in `with_force_shutdown'
puma (5.6.7) lib/puma/request.rb:76:in `handle_request'
puma (5.6.7) lib/puma/server.rb:443:in `process_client'
puma (5.6.7) lib/puma/thread_pool.rb:147:in `block in spawn_thread'
Started GET "/movies/new" for ::1 at 2023-10-11 14:11:36 -0500
Processing by MoviesController#new as HTML
Completed 406 Not Acceptable in 1ms (ActiveRecord: 0.0ms | Allocations: 564)


  
ActionController::MissingExactTemplate (MoviesController#new is missing a template for request formats: text/html):
  
actionpack (7.0.8) lib/action_controller/metal/implicit_render.rb:45:in `default_render'
actionpack (7.0.8) lib/action_controller/metal/basic_implicit_render.rb:7:in `send_action'
actionpack (7.0.8) lib/abstract_controller/base.rb:215:in `process_action'
actionpack (7.0.8) lib/action_controller/metal/rendering.rb:165:in `process_action'
actionpack (7.0.8) lib/abstract_controller/callbacks.rb:234:in `block in process_action'
activesupport (7.0.8) lib/active_support/callbacks.rb:118:in `block in run_callbacks'
actiontext (7.0.8) lib/action_text/rendering.rb:20:in `with_renderer'
actiontext (7.0.8) lib/action_text/engine.rb:69:in `block (4 levels) in <class:Engine>'
activesupport (7.0.8) lib/active_support/callbacks.rb:127:in `instance_exec'
activesupport (7.0.8) lib/active_support/callbacks.rb:127:in `block in run_callbacks'
activesupport (7.0.8) lib/active_support/callbacks.rb:138:in `run_callbacks'
actionpack (7.0.8) lib/abstract_controller/callbacks.rb:233:in `process_action'
actionpack (7.0.8) lib/action_controller/metal/rescue.rb:23:in `process_action'
actionpack (7.0.8) lib/action_controller/metal/instrumentation.rb:67:in `block in process_action'
activesupport (7.0.8) lib/active_support/notifications.rb:206:in `block in instrument'
activesupport (7.0.8) lib/active_support/notifications/instrumenter.rb:24:in `instrument'
activesupport (7.0.8) lib/active_support/notifications.rb:206:in `instrument'
actionpack (7.0.8) lib/action_controller/metal/instrumentation.rb:66:in `process_action'
actionpack (7.0.8) lib/action_controller/metal/params_wrapper.rb:259:in `process_action'
activerecord (7.0.8) lib/active_record/railties/controller_runtime.rb:27:in `process_action'
actionpack (7.0.8) lib/abstract_controller/base.rb:151:in `process'
actionview (7.0.8) lib/action_view/rendering.rb:39:in `process'
actionpack (7.0.8) lib/action_controller/metal.rb:188:in `dispatch'
actionpack (7.0.8) lib/action_controller/metal.rb:251:in `dispatch'
actionpack (7.0.8) lib/action_dispatch/routing/route_set.rb:49:in `dispatch'
actionpack (7.0.8) lib/action_dispatch/routing/route_set.rb:32:in `serve'
actionpack (7.0.8) lib/action_dispatch/journey/router.rb:50:in `block in serve'
actionpack (7.0.8) lib/action_dispatch/journey/router.rb:32:in `each'
actionpack (7.0.8) lib/action_dispatch/journey/router.rb:32:in `serve'
actionpack (7.0.8) lib/action_dispatch/routing/route_set.rb:852:in `call'
rack (2.2.8) lib/rack/tempfile_reaper.rb:15:in `call'
rack (2.2.8) lib/rack/etag.rb:27:in `call'
rack (2.2.8) lib/rack/conditional_get.rb:27:in `call'
rack (2.2.8) lib/rack/head.rb:12:in `call'
actionpack (7.0.8) lib/action_dispatch/http/permissions_policy.rb:38:in `call'
actionpack (7.0.8) lib/action_dispatch/http/content_security_policy.rb:36:in `call'
rack (2.2.8) lib/rack/session/abstract/id.rb:266:in `context'
rack (2.2.8) lib/rack/session/abstract/id.rb:260:in `call'
actionpack (7.0.8) lib/action_dispatch/middleware/cookies.rb:704:in `call'
activerecord (7.0.8) lib/active_record/migration.rb:638:in `call'
actionpack (7.0.8) lib/action_dispatch/middleware/callbacks.rb:27:in `block in call'
activesupport (7.0.8) lib/active_support/callbacks.rb:99:in `run_callbacks'
actionpack (7.0.8) lib/action_dispatch/middleware/callbacks.rb:26:in `call'
actionpack (7.0.8) lib/action_dispatch/middleware/executor.rb:14:in `call'
actionpack (7.0.8) lib/action_dispatch/middleware/actionable_exceptions.rb:17:in `call'
actionpack (7.0.8) lib/action_dispatch/middleware/debug_exceptions.rb:28:in `call'
web-console (4.2.1) lib/web_console/middleware.rb:132:in `call_app'
web-console (4.2.1) lib/web_console/middleware.rb:28:in `block in call'
web-console (4.2.1) lib/web_console/middleware.rb:17:in `catch'
web-console (4.2.1) lib/web_console/middleware.rb:17:in `call'
actionpack (7.0.8) lib/action_dispatch/middleware/show_exceptions.rb:29:in `call'
railties (7.0.8) lib/rails/rack/logger.rb:40:in `call_app'
railties (7.0.8) lib/rails/rack/logger.rb:25:in `block in call'
activesupport (7.0.8) lib/active_support/tagged_logging.rb:99:in `block in tagged'
activesupport (7.0.8) lib/active_support/tagged_logging.rb:37:in `tagged'
activesupport (7.0.8) lib/active_support/tagged_logging.rb:99:in `tagged'
railties (7.0.8) lib/rails/rack/logger.rb:25:in `call'
sprockets-rails (3.4.2) lib/sprockets/rails/quiet_assets.rb:13:in `call'
actionpack (7.0.8) lib/action_dispatch/middleware/remote_ip.rb:93:in `call'
actionpack (7.0.8) lib/action_dispatch/middleware/request_id.rb:26:in `call'
rack (2.2.8) lib/rack/method_override.rb:24:in `call'
rack (2.2.8) lib/rack/runtime.rb:22:in `call'
activesupport (7.0.8) lib/active_support/cache/strategy/local_cache_middleware.rb:29:in `call'
actionpack (7.0.8) lib/action_dispatch/middleware/server_timing.rb:61:in `block in call'
actionpack (7.0.8) lib/action_dispatch/middleware/server_timing.rb:26:in `collect_events'
actionpack (7.0.8) lib/action_dispatch/middleware/server_timing.rb:60:in `call'
actionpack (7.0.8) lib/action_dispatch/middleware/executor.rb:14:in `call'
actionpack (7.0.8) lib/action_dispatch/middleware/static.rb:23:in `call'
rack (2.2.8) lib/rack/sendfile.rb:110:in `call'
actionpack (7.0.8) lib/action_dispatch/middleware/host_authorization.rb:138:in `call'
railties (7.0.8) lib/rails/engine.rb:530:in `call'
puma (5.6.7) lib/puma/configuration.rb:252:in `call'
puma (5.6.7) lib/puma/request.rb:77:in `block in handle_request'
puma (5.6.7) lib/puma/thread_pool.rb:340:in `with_force_shutdown'
puma (5.6.7) lib/puma/request.rb:76:in `handle_request'
puma (5.6.7) lib/puma/server.rb:443:in `process_client'
puma (5.6.7) lib/puma/thread_pool.rb:147:in `block in spawn_thread'
Started GET "/" for ::1 at 2023-10-11 16:48:44 -0500
  [1m[36mActiveRecord::SchemaMigration Pluck (0.1ms)[0m  [1m[34mSELECT "schema_migrations"."version" FROM "schema_migrations" ORDER BY "schema_migrations"."version" ASC[0m
Started GET "/movies" for ::1 at 2023-10-11 16:48:44 -0500
Processing by MoviesController#index as HTML
  Rendering movies/index.html.haml
  [1m[36mMovie Load (0.1ms)[0m  [1m[34mSELECT "movies".* FROM "movies"[0m
  ↳ app/views/movies/index.html.haml:11
  Rendered movies/index.html.haml (Duration: 17.1ms | Allocations: 31154)
Completed 200 OK in 21ms (Views: 17.9ms | ActiveRecord: 0.3ms | Allocations: 38918)


Started GET "/movies/3000" for ::1 at 2023-10-11 16:48:55 -0500
Processing by MoviesController#show as HTML
  Parameters: {"id"=>"3000"}
  [1m[36mMovie Load (0.6ms)[0m  [1m[34mSELECT "movies".* FROM "movies" WHERE "movies"."id" = ? LIMIT ?[0m  [["id", 3000], ["LIMIT", 1]]
  ↳ app/controllers/movies_controller.rb:12:in `show'
Redirected to http://localhost:3000/movies
Completed 302 Found in 11ms (ActiveRecord: 0.6ms | Allocations: 3708)


Started GET "/movies" for ::1 at 2023-10-11 16:48:55 -0500
Processing by MoviesController#index as HTML
  Rendering movies/index.html.haml
  [1m[36mMovie Load (0.1ms)[0m  [1m[34mSELECT "movies".* FROM "movies"[0m
  ↳ app/views/movies/index.html.haml:11
  Rendered movies/index.html.haml (Duration: 1.6ms | Allocations: 832)
Completed 200 OK in 2ms (Views: 1.9ms | ActiveRecord: 0.1ms | Allocations: 1247)


Started GET "/movies/3" for ::1 at 2023-10-11 16:49:03 -0500
Processing by MoviesController#show as HTML
  Parameters: {"id"=>"3"}
  [1m[36mMovie Load (0.1ms)[0m  [1m[34mSELECT "movies".* FROM "movies" WHERE "movies"."id" = ? LIMIT ?[0m  [["id", 3], ["LIMIT", 1]]
  ↳ app/controllers/movies_controller.rb:12:in `show'
  Rendering movies/show.html.haml
  Rendered movies/show.html.haml (Duration: 8.2ms | Allocations: 5231)
Completed 200 OK in 11ms (Views: 8.9ms | ActiveRecord: 0.1ms | Allocations: 6123)


Started GET "/movies/3000" for ::1 at 2023-10-11 16:49:07 -0500
Processing by MoviesController#show as HTML
  Parameters: {"id"=>"3000"}
  [1m[36mMovie Load (0.1ms)[0m  [1m[34mSELECT "movies".* FROM "movies" WHERE "movies"."id" = ? LIMIT ?[0m  [["id", 3000], ["LIMIT", 1]]
  ↳ app/controllers/movies_controller.rb:12:in `show'
Redirected to http://localhost:3000/movies
Completed 302 Found in 1ms (ActiveRecord: 0.1ms | Allocations: 1266)


Started GET "/movies" for ::1 at 2023-10-11 16:49:07 -0500
Processing by MoviesController#index as HTML
  Rendering movies/index.html.haml
  [1m[36mMovie Load (0.1ms)[0m  [1m[34mSELECT "movies".* FROM "movies"[0m
  ↳ app/views/movies/index.html.haml:11
  Rendered movies/index.html.haml (Duration: 0.8ms | Allocations: 773)
Completed 200 OK in 1ms (Views: 1.0ms | ActiveRecord: 0.1ms | Allocations: 1140)


Started GET "/movies" for ::1 at 2023-10-11 16:50:46 -0500
  [1m[36mActiveRecord::SchemaMigration Pluck (0.1ms)[0m  [1m[34mSELECT "schema_migrations"."version" FROM "schema_migrations" ORDER BY "schema_migrations"."version" ASC[0m
Processing by MoviesController#index as HTML
  Rendering movies/index.html.haml
  Rendered movies/index.html.haml (Duration: 4.9ms | Allocations: 11420)
Completed 500 Internal Server Error in 10ms (ActiveRecord: 0.0ms | Allocations: 19128)


  
ActionView::Template::Error (Inconsistent indentation: 3 spaces used for indentation, but the rest of the document was indented using 2 spaces.):
    4: 
    5: - flash.each do |type,msg|
    6:   %div
    7:    = msg
    8: 
    9: %table#movies
   10:   %thead
  
app/views/movies/index.html.haml:7
Started GET "/movies" for ::1 at 2023-10-11 16:51:12 -0500
  [1m[36mActiveRecord::SchemaMigration Pluck (0.1ms)[0m  [1m[34mSELECT "schema_migrations"."version" FROM "schema_migrations" ORDER BY "schema_migrations"."version" ASC[0m
Processing by MoviesController#index as HTML
  Rendering movies/index.html.haml
  [1m[36mMovie Load (0.1ms)[0m  [1m[34mSELECT "movies".* FROM "movies"[0m
  ↳ app/views/movies/index.html.haml:17
  Rendered movies/index.html.haml (Duration: 21.6ms | Allocations: 32341)
Completed 200 OK in 26ms (Views: 22.6ms | ActiveRecord: 0.3ms | Allocations: 40116)


Started GET "/movies/3000" for ::1 at 2023-10-11 16:51:17 -0500
Processing by MoviesController#show as HTML
  Parameters: {"id"=>"3000"}
  [1m[36mMovie Load (0.2ms)[0m  [1m[34mSELECT "movies".* FROM "movies" WHERE "movies"."id" = ? LIMIT ?[0m  [["id", 3000], ["LIMIT", 1]]
  ↳ app/controllers/movies_controller.rb:12:in `show'
Redirected to http://localhost:3000/movies
Completed 302 Found in 4ms (ActiveRecord: 0.2ms | Allocations: 3555)


Started GET "/movies" for ::1 at 2023-10-11 16:51:17 -0500
Processing by MoviesController#index as HTML
  Rendering movies/index.html.haml
  [1m[36mMovie Load (0.1ms)[0m  [1m[34mSELECT "movies".* FROM "movies"[0m
  ↳ app/views/movies/index.html.haml:17
  Rendered movies/index.html.haml (Duration: 1.1ms | Allocations: 1176)
Completed 200 OK in 2ms (Views: 1.3ms | ActiveRecord: 0.1ms | Allocations: 1591)


